#
# There is insufficient memory for the Java Runtime Environment to continue.
# Native memory allocation (mmap) failed to map 264241152 bytes for G1 virtual space
# Possible reasons:
#   The system is out of physical RAM or swap space
#   The process is running with CompressedOops enabled, and the Java Heap may be blocking the growth of the native heap
# Possible solutions:
#   Reduce memory load on the system
#   Increase physical memory or swap space
#   Check if swap backing store is full
#   Decrease Java heap size (-Xmx/-Xms)
#   Decrease number of Java threads
#   Decrease Java thread stack sizes (-Xss)
#   Set larger code cache with -XX:ReservedCodeCacheSize=
#   JVM is running with Zero Based Compressed Oops mode in which the Java heap is
#     placed in the first 32GB address space. The Java Heap base address is the
#     maximum limit for the native heap growth. Please use -XX:HeapBaseMinAddress
#     to set the Java Heap base and to place the Java Heap above 32GB virtual address.
# This output file may be truncated or incomplete.
#
#  Out of Memory Error (os_windows.cpp:3528), pid=16812, tid=6872
#
# JRE version:  (20.0.2+9) (build )
# Java VM: Java HotSpot(TM) 64-Bit Server VM (20.0.2+9-78, mixed mode, sharing, tiered, compressed oops, compressed class ptrs, g1 gc, windows-amd64)
# No core dump will be written. Minidumps are not enabled by default on client versions of Windows
#

---------------  S U M M A R Y ------------

Command Line: -Dfile.encoding=UTF-8 --module-path=C:\Users\jofob\Desktop\JAVAPROJECT\DOAN_JAVA\build\classes DAO.ConnectDataBase

Host: 11th Gen Intel(R) Core(TM) i7-11800H @ 2.30GHz, 16 cores, 15G,  Windows 11 , 64 bit Build 22621 (10.0.22621.3374)
Time: Tue May 14 07:56:41 2024 SE Asia Standard Time elapsed time: 0.036595 seconds (0d 0h 0m 0s)

---------------  T H R E A D  ---------------

Current thread (0x0000023ddd09f000):  JavaThread "Unknown thread" [_thread_in_vm, id=6872, stack(0x000000e9e0d00000,0x000000e9e0e00000)]

Stack: [0x000000e9e0d00000,0x000000e9e0e00000]
Native frames: (J=compiled Java code, j=interpreted, Vv=VM code, C=native code)
V  [jvm.dll+0x6bc25a]
V  [jvm.dll+0x84971a]
V  [jvm.dll+0x84b315]
V  [jvm.dll+0x84ba13]
V  [jvm.dll+0x280e4f]
V  [jvm.dll+0x6b8fe9]
V  [jvm.dll+0x6adbca]
V  [jvm.dll+0x35b165]
V  [jvm.dll+0x363386]
V  [jvm.dll+0x3b400e]
V  [jvm.dll+0x3b4295]
V  [jvm.dll+0x32b86a]
V  [jvm.dll+0x32c68b]
V  [jvm.dll+0x8123df]
V  [jvm.dll+0x3c1261]
V  [jvm.dll+0x7fe103]
V  [jvm.dll+0x44ccaf]
V  [jvm.dll+0x44e621]
C  [jli.dll+0x5287]
C  [ucrtbase.dll+0x29333]
C  [KERNEL32.DLL+0x1257d]
C  [ntdll.dll+0x5aa48]


---------------  P R O C E S S  ---------------

Threads class SMR info:
_java_thread_list=0x00007ffd6bfbb118, length=0, elements={
}

Java Threads: ( => current thread )

Other Threads:
  0x0000023ddd1117c0 WorkerThread "GC Thread#0" [stack: 0x000000e9e0e00000,0x000000e9e0f00000] [id=7448]
  0x0000023ddd1222d0 ConcurrentGCThread "G1 Main Marker" [stack: 0x000000e9e0f00000,0x000000e9e1000000] [id=16420]
  0x0000023ddd1233b0 WorkerThread "G1 Conc#0" [stack: 0x000000e9e1000000,0x000000e9e1100000] [id=8632]

[error occurred during error reporting (printing all threads), id 0xc0000005, EXCEPTION_ACCESS_VIOLATION (0xc0000005) at pc=0x00007ffd6b79eea7]
VM state: not at safepoint (not fully initialized)

VM Mutex/Monitor currently owned by a thread:  ([mutex/lock_event])
[0x0000023ddd099db0] Heap_lock - owner thread: 0x0000023ddd09f000

Heap address: 0x0000000704a00000, size: 4022 MB, Compressed Oops mode: Zero based, Oop shift amount: 3

CDS archive(s) mapped at: [0x0000000000000000-0x0000000000000000-0x0000000000000000), size 0, SharedBaseAddress: 0x0000000800000000, ArchiveRelocationMode: 1.
Narrow klass base: 0x0000000000000000, Narrow klass shift: 0, Narrow klass range: 0x0

GC Precious Log:
 CardTable entry size: 512
 Card Set container configuration: InlinePtr #cards 4 size 8 Array Of Cards #cards 16 size 48 Howl #buckets 8 coarsen threshold 3686 Howl Bitmap #cards 512 size 80 coarsen threshold 460 Card regions per heap region 1 cards per card region 4096

Heap:
 garbage-first heap   total 0K, used 0K [0x0000000704a00000, 0x0000000800000000)
  region size 2048K, 0 young (0K), 0 survivors (0K)

[error occurred during error reporting (printing heap information), id 0xc0000005, EXCEPTION_ACCESS_VIOLATION (0xc0000005) at pc=0x00007ffd6bb747b9]
GC Heap History (0 events):
No events

Dll operation events (1 events):
Event: 0.017 Loaded shared library C:\Program Files\Java\jdk-20\bin\java.dll

Deoptimization events (0 events):
No events

Classes loaded (0 events):
No events

Classes unloaded (0 events):
No events

Classes redefined (0 events):
No events

Internal exceptions (0 events):
No events

VM Operations (0 events):
No events

Events (0 events):
No events


Dynamic libraries:
0x00007ff7d2840000 - 0x00007ff7d2850000 	C:\Program Files\Java\jdk-20\bin\java.exe
0x00007ffde5910000 - 0x00007ffde5b26000 	C:\Windows\SYSTEM32\ntdll.dll
0x00007ffde3be0000 - 0x00007ffde3ca4000 	C:\Windows\System32\KERNEL32.DLL
0x00007ffde2e40000 - 0x00007ffde31e7000 	C:\Windows\System32\KERNELBASE.dll
0x00007ffde3450000 - 0x00007ffde3561000 	C:\Windows\System32\ucrtbase.dll
0x00007ffdcb0d0000 - 0x00007ffdcb0e9000 	C:\Program Files\Java\jdk-20\bin\jli.dll
0x00007ffdddce0000 - 0x00007ffdddcfb000 	C:\Program Files\Java\jdk-20\bin\VCRUNTIME140.dll
0x00007ffde3970000 - 0x00007ffde3a22000 	C:\Windows\System32\ADVAPI32.dll
0x00007ffde45f0000 - 0x00007ffde4697000 	C:\Windows\System32\msvcrt.dll
0x00007ffde3890000 - 0x00007ffde3938000 	C:\Windows\System32\sechost.dll
0x00007ffde3570000 - 0x00007ffde3598000 	C:\Windows\System32\bcrypt.dll
0x00007ffde3a30000 - 0x00007ffde3b45000 	C:\Windows\System32\RPCRT4.dll
0x00007ffde3cb0000 - 0x00007ffde3e5e000 	C:\Windows\System32\USER32.dll
0x00007ffde2e10000 - 0x00007ffde2e36000 	C:\Windows\System32\win32u.dll
0x00007ffde3940000 - 0x00007ffde3969000 	C:\Windows\System32\GDI32.dll
0x00007ffdc0a00000 - 0x00007ffdc0c93000 	C:\Windows\WinSxS\amd64_microsoft.windows.common-controls_6595b64144ccf1df_6.0.22621.3235_none_270f74e173860f98\COMCTL32.dll
0x00007ffde2cf0000 - 0x00007ffde2e09000 	C:\Windows\System32\gdi32full.dll
0x00007ffde35a0000 - 0x00007ffde363a000 	C:\Windows\System32\msvcp_win.dll
0x00007ffddc200000 - 0x00007ffddc20a000 	C:\Windows\SYSTEM32\VERSION.dll
0x00007ffde4ba0000 - 0x00007ffde4bd1000 	C:\Windows\System32\IMM32.DLL
0x00007ffdddbd0000 - 0x00007ffdddbdc000 	C:\Program Files\Java\jdk-20\bin\vcruntime140_1.dll
0x00007ffdcb1c0000 - 0x00007ffdcb24e000 	C:\Program Files\Java\jdk-20\bin\msvcp140.dll
0x00007ffd6b460000 - 0x00007ffd6c0f8000 	C:\Program Files\Java\jdk-20\bin\server\jvm.dll
0x00007ffdd8660000 - 0x00007ffdd8694000 	C:\Windows\SYSTEM32\WINMM.dll
0x00007ffdddc30000 - 0x00007ffdddc39000 	C:\Windows\SYSTEM32\WSOCK32.dll
0x00007ffde4190000 - 0x00007ffde4201000 	C:\Windows\System32\WS2_32.dll
0x00007ffde1ce0000 - 0x00007ffde1cf8000 	C:\Windows\SYSTEM32\kernel.appcore.dll
0x00007ffdddbc0000 - 0x00007ffdddbca000 	C:\Program Files\Java\jdk-20\bin\jimage.dll
0x00007ffde05b0000 - 0x00007ffde07e3000 	C:\Windows\SYSTEM32\DBGHELP.DLL
0x00007ffde4cb0000 - 0x00007ffde5038000 	C:\Windows\System32\combase.dll
0x00007ffde4310000 - 0x00007ffde43e7000 	C:\Windows\System32\OLEAUT32.dll
0x00007ffdc01d0000 - 0x00007ffdc0202000 	C:\Windows\SYSTEM32\dbgcore.DLL
0x00007ffde33d0000 - 0x00007ffde3449000 	C:\Windows\System32\bcryptPrimitives.dll
0x00007ffddc770000 - 0x00007ffddc796000 	C:\Program Files\Java\jdk-20\bin\java.dll

dbghelp: loaded successfully - version: 4.0.5 - missing functions: none
symbol engine: initialized successfully - sym options: 0x614 - pdb path: .;C:\Program Files\Java\jdk-20\bin;C:\Windows\SYSTEM32;C:\Windows\WinSxS\amd64_microsoft.windows.common-controls_6595b64144ccf1df_6.0.22621.3235_none_270f74e173860f98;C:\Program Files\Java\jdk-20\bin\server

VM Arguments:
jvm_args: -Dfile.encoding=UTF-8 --module-path=C:\Users\jofob\Desktop\JAVAPROJECT\DOAN_JAVA\build\classes 
java_command: DAO.ConnectDataBase
java_class_path (initial): C:\Users\jofob\Documents\Zalo Received Files\mysql-connector-java-5.1.23-bin.jar;C:\Users\jofob\Downloads\thuvienpoi\commons-codec-1.11.jar;C:\Users\jofob\Downloads\thuvienpoi\commons-collections4-4.2.jar;C:\Users\jofob\Downloads\thuvienpoi\commons-compress-1.18.jar;C:\Users\jofob\Downloads\thuvienpoi\poi-4.0.1.jar;C:\Users\jofob\Downloads\thuvienpoi\poi-ooxml-4.0.1.jar;C:\Users\jofob\Downloads\thuvienpoi\poi-ooxml-schemas-4.0.1.jar;C:\Users\jofob\Downloads\thuvienpoi\xmlbeans-3.0.2.jar;C:\Users\jofob\Desktop\JAVAPROJECT\DOAN_JAVA\build\classes
Launcher Type: SUN_STANDARD

[Global flags]
     intx CICompilerCount                          = 12                                        {product} {ergonomic}
     uint ConcGCThreads                            = 3                                         {product} {ergonomic}
     uint G1ConcRefinementThreads                  = 13                                        {product} {ergonomic}
   size_t G1HeapRegionSize                         = 2097152                                   {product} {ergonomic}
    uintx GCDrainStackTargetSize                   = 64                                        {product} {ergonomic}
   size_t InitialHeapSize                          = 264241152                                 {product} {ergonomic}
   size_t MarkStackSize                            = 4194304                                   {product} {ergonomic}
   size_t MaxHeapSize                              = 4217372672                                {product} {ergonomic}
   size_t MinHeapDeltaBytes                        = 2097152                                   {product} {ergonomic}
   size_t MinHeapSize                              = 8388608                                   {product} {ergonomic}
    uintx NonNMethodCodeHeapSize                   = 7602480                                {pd product} {ergonomic}
    uintx NonProfiledCodeHeapSize                  = 122027880                              {pd product} {ergonomic}
     bool PerfDisableSharedMem                     = true                                      {product} {ergonomic}
    uintx ProfiledCodeHeapSize                     = 122027880                              {pd product} {ergonomic}
    uintx ReservedCodeCacheSize                    = 251658240                              {pd product} {ergonomic}
     bool SegmentedCodeCache                       = true                                      {product} {ergonomic}
   size_t SoftMaxHeapSize                          = 4217372672                             {manageable} {ergonomic}
     bool UseCompressedClassPointers               = true                           {product lp64_product} {ergonomic}
     bool UseCompressedOops                        = true                           {product lp64_product} {ergonomic}
     bool UseG1GC                                  = true                                      {product} {ergonomic}
     bool UseLargePagesIndividualAllocation        = false                                  {pd product} {ergonomic}

Logging:
Log output configuration:
 #0: stdout all=warning uptime,level,tags foldmultilines=false
 #1: stderr all=off uptime,level,tags foldmultilines=false

Environment Variables:
PATH=C:\Program Files\Microsoft MPI\Bin\;C:\Program Files\Common Files\Oracle\Java\javapath;C:\Windows\system32;C:\Windows;C:\Windows\System32\Wbem;C:\Windows\System32\WindowsPowerShell\v1.0\;C:\Windows\System32\OpenSSH\;C:\Program Files\Microsoft SQL Server\Client SDK\ODBC\170\Tools\Binn\;C:\Program Files\dotnet\;C:\Program Files (x86)\Microsoft SQL Server\160\Tools\Binn\;C:\Program Files\Microsoft SQL Server\160\Tools\Binn\;C:\Program Files\Microsoft SQL Server\160\DTS\Binn\;C:\MinGW\bin;C:\Program Files (x86)\Microsoft SQL Server\160\DTS\Binn\;C:\Program Files\Java\jdk-20\bin;C:\Program Files\Common Files\Oracle\Java\javapath;C:\Program Files\Azure Data Studio\bin;C:\Program Files\Git\cmd;C:\Users\jofob\AppData\Local\Programs\Python\Python312;C:\Users\jofob\AppData\Local\Programs\Python\Python312\Scripts\;C:\Users\jofob\AppData\Local\Programs\Python\Python312\;C:\Users\jofob\AppData\Local\Microsoft\WindowsApps;C:\Users\jofob\.dotnet\tools;C:\Users\jofob\AppData\Local\Programs\Microsoft VS Code\bin;C:\Program Files\Azure Data Studio\bin;C:\Users\jofob\AppData\Local\GitHubDesktop\bin;C:\Program Files\Azure Data Studio\bin;C:\Program Files\JetBrains\PyCharm 2024.1\bin;
USERNAME=GAMING-PC
OS=Windows_NT
PROCESSOR_IDENTIFIER=Intel64 Family 6 Model 141 Stepping 1, GenuineIntel
TMP=Z:\
TEMP=Z:\




---------------  S Y S T E M  ---------------

OS:
 Windows 11 , 64 bit Build 22621 (10.0.22621.3374)
OS uptime: 0 days 1:17 hours

CPU: total 16 (initial active 16) (8 cores per cpu, 2 threads per core) family 6 model 141 stepping 1 microcode 0x34, cx8, cmov, fxsr, ht, mmx, 3dnowpref, sse, sse2, sse3, ssse3, sse4.1, sse4.2, popcnt, lzcnt, tsc, tscinvbit, avx, avx2, aes, erms, clmul, bmi1, bmi2, adx, avx512f, avx512dq, avx512cd, avx512bw, avx512vl, sha, fma, vzeroupper, avx512_vpopcntdq, avx512_vpclmulqdq, avx512_vaes, avx512_vnni, clflush, clflushopt, clwb, avx512_vbmi2, avx512_vbmi, rdtscp, rdpid, fsrm, gfni, avx512_bitalg, f16c, pku, cet_ibt, cet_ss, avx512_ifma

Memory: 4k page, system-wide physical 16085M (4464M free)
TotalPageFile size 16085M (AvailPageFile size 244M)
current process WorkingSet (physical memory assigned to process): 11M, peak: 11M
current process commit charge ("private bytes"): 71M, peak: 322M

vm_info: Java HotSpot(TM) 64-Bit Server VM (20.0.2+9-78) for windows-amd64 JRE (20.0.2+9-78), built on 2023-06-14T10:08:48Z by "mach5one" with MS VC++ 17.1 (VS2022)

END.
