#
# There is insufficient memory for the Java Runtime Environment to continue.
# Native memory allocation (mmap) failed to map 65536 bytes for Failed to commit metaspace.
# Possible reasons:
#   The system is out of physical RAM or swap space
#   The process is running with CompressedOops enabled, and the Java Heap may be blocking the growth of the native heap
# Possible solutions:
#   Reduce memory load on the system
#   Increase physical memory or swap space
#   Check if swap backing store is full
#   Decrease Java heap size (-Xmx/-Xms)
#   Decrease number of Java threads
#   Decrease Java thread stack sizes (-Xss)
#   Set larger code cache with -XX:ReservedCodeCacheSize=
#   JVM is running with Zero Based Compressed Oops mode in which the Java heap is
#     placed in the first 32GB address space. The Java Heap base address is the
#     maximum limit for the native heap growth. Please use -XX:HeapBaseMinAddress
#     to set the Java Heap base and to place the Java Heap above 32GB virtual address.
# This output file may be truncated or incomplete.
#
#  Out of Memory Error (virtualSpaceNode.cpp:110), pid=9360, tid=7336
#
# JRE version: Java(TM) SE Runtime Environment (20.0.2+9) (build 20.0.2+9-78)
# Java VM: Java HotSpot(TM) 64-Bit Server VM (20.0.2+9-78, mixed mode, sharing, tiered, compressed oops, compressed class ptrs, g1 gc, windows-amd64)
# No core dump will be written. Minidumps are not enabled by default on client versions of Windows
#

---------------  S U M M A R Y ------------

Command Line: -Dfile.encoding=UTF-8 --module-path=C:\Users\jofob\Desktop\JAVAPROJECT\java1505\build\classes GUI.StoreScreen

Host: 11th Gen Intel(R) Core(TM) i7-11800H @ 2.30GHz, 16 cores, 15G,  Windows 11 , 64 bit Build 22621 (10.0.22621.3374)
Time: Thu May 16 19:58:09 2024 SE Asia Standard Time elapsed time: 0.175057 seconds (0d 0h 0m 0s)

---------------  T H R E A D  ---------------

Current thread (0x000002002c70c380):  JavaThread "main" [_thread_in_vm, id=7336, stack(0x000000dac9000000,0x000000dac9100000)]

Stack: [0x000000dac9000000,0x000000dac9100000]
Native frames: (J=compiled Java code, j=interpreted, Vv=VM code, C=native code)
V  [jvm.dll+0x6bc25a]
V  [jvm.dll+0x84971a]
V  [jvm.dll+0x84b315]
V  [jvm.dll+0x84ba13]
V  [jvm.dll+0x280e4f]
V  [jvm.dll+0x84565b]
V  [jvm.dll+0x660616]
V  [jvm.dll+0x66067a]
V  [jvm.dll+0x662f53]
V  [jvm.dll+0x662e1e]
V  [jvm.dll+0x66102e]
V  [jvm.dll+0x66b6a7]
V  [jvm.dll+0x21b712]
V  [jvm.dll+0x21bc45]
V  [jvm.dll+0x21c631]
V  [jvm.dll+0x211a50]
V  [jvm.dll+0x59c7cc]
V  [jvm.dll+0x22303a]
V  [jvm.dll+0x7c38c4]
V  [jvm.dll+0x7c4a0f]
V  [jvm.dll+0x7c51d0]
V  [jvm.dll+0x21ca45]
V  [jvm.dll+0x211a69]
V  [jvm.dll+0x59c7cc]
V  [jvm.dll+0x22303a]
V  [jvm.dll+0x7c38c4]
V  [jvm.dll+0x7c4a0f]
V  [jvm.dll+0x7c51d0]
V  [jvm.dll+0x21ca45]
V  [jvm.dll+0x211a69]
V  [jvm.dll+0x59c7cc]
V  [jvm.dll+0x22303a]
V  [jvm.dll+0x7c38c4]
V  [jvm.dll+0x7c4a0f]
V  [jvm.dll+0x7c4fbf]
V  [jvm.dll+0x7c4c68]
V  [jvm.dll+0x2705bb]
V  [jvm.dll+0x2707df]
V  [jvm.dll+0x5be3f8]
V  [jvm.dll+0x5c1357]
V  [jvm.dll+0x3dc520]
V  [jvm.dll+0x3dbb5f]
C  0x000002003bc5f115

Java frames: (J=compiled Java code, j=interpreted, Vv=VM code)
j  jdk.internal.logger.BootstrapLogger$RedirectedLoggers.apply(Ljdk/internal/logger/LazyLoggers$LazyLoggerAccessor;)Ljdk/internal/logger/SurrogateLogger;+21 java.base@20.0.2
j  jdk.internal.logger.BootstrapLogger$RedirectedLoggers.apply(Ljava/lang/Object;)Ljava/lang/Object;+5 java.base@20.0.2
j  java.util.HashMap.computeIfAbsent(Ljava/lang/Object;Ljava/util/function/Function;)Ljava/lang/Object;+202 java.base@20.0.2
j  jdk.internal.logger.BootstrapLogger$RedirectedLoggers.get(Ljdk/internal/logger/LazyLoggers$LazyLoggerAccessor;)Ljdk/internal/logger/SurrogateLogger;+23 java.base@20.0.2
j  jdk.internal.logger.BootstrapLogger.createSurrogateLogger(Ljdk/internal/logger/LazyLoggers$LazyLoggerAccessor;)Ljava/lang/System$Logger;+4 java.base@20.0.2
j  jdk.internal.logger.BootstrapLogger.getLogger(Ljdk/internal/logger/LazyLoggers$LazyLoggerAccessor;)Ljava/lang/System$Logger;+33 java.base@20.0.2
j  jdk.internal.logger.LazyLoggers$LazyLoggerAccessor.platform()Lsun/util/logging/PlatformLogger$Bridge;+58 java.base@20.0.2
j  jdk.internal.logger.LazyLoggers$LazyLoggerWrapper.platformProxy()Lsun/util/logging/PlatformLogger$Bridge;+4 java.base@20.0.2
j  jdk.internal.logger.AbstractLoggerWrapper.isLoggable(Lsun/util/logging/PlatformLogger$Level;)Z+1 java.base@20.0.2
j  sun.util.logging.PlatformLogger.isLoggable(Lsun/util/logging/PlatformLogger$Level;)Z+17 java.base@20.0.2
j  sun.awt.windows.WToolkit.<clinit>()V+29 java.desktop@20.0.2
v  ~StubRoutines::call_stub 0x000002003bc310e7
j  sun.awt.Win32GraphicsEnvironment.<clinit>()V+16 java.desktop@20.0.2
v  ~StubRoutines::call_stub 0x000002003bc310e7
j  sun.awt.PlatformGraphicsInfo.createGE()Ljava/awt/GraphicsEnvironment;+0 java.desktop@20.0.2
j  java.awt.GraphicsEnvironment$LocalGE.createGE()Ljava/awt/GraphicsEnvironment;+0 java.desktop@20.0.2
j  java.awt.GraphicsEnvironment$LocalGE.<clinit>()V+0 java.desktop@20.0.2
v  ~StubRoutines::call_stub 0x000002003bc310e7
j  java.awt.GraphicsEnvironment.getLocalGraphicsEnvironment()Ljava/awt/GraphicsEnvironment;+0 java.desktop@20.0.2
j  java.awt.Window.initGC(Ljava/awt/GraphicsConfiguration;)Ljava/awt/GraphicsConfiguration;+7 java.desktop@20.0.2
j  java.awt.Window.init(Ljava/awt/GraphicsConfiguration;)V+45 java.desktop@20.0.2
j  java.awt.Window.<init>()V+114 java.desktop@20.0.2
j  java.awt.Frame.<init>(Ljava/lang/String;)V+1 java.desktop@20.0.2
j  java.awt.Frame.<init>()V+3 java.desktop@20.0.2
j  javax.swing.JFrame.<init>()V+1 java.desktop@20.0.2
j  GUI.StoreScreen.<init>()V+1
j  GUI.StoreScreen.main([Ljava/lang/String;)V+4
v  ~StubRoutines::call_stub 0x000002003bc310e7

---------------  P R O C E S S  ---------------

Threads class SMR info:
_java_thread_list=0x0000020091bb3200, length=13, elements={
0x000002002c70c380, 0x00000200919062d0, 0x0000020091906fd0, 0x0000020091909ce0,
0x000002009190c640, 0x000002009190cf80, 0x0000020091911920, 0x0000020091912590,
0x0000020091915580, 0x0000020091a09a10, 0x0000020091a56eb0, 0x0000020091b50a60,
0x0000020091c029b0
}

Java Threads: ( => current thread )
=>0x000002002c70c380 JavaThread "main" [_thread_in_vm, id=7336, stack(0x000000dac9000000,0x000000dac9100000)]
  0x00000200919062d0 JavaThread "Reference Handler" daemon [_thread_blocked, id=8568, stack(0x000000dac9700000,0x000000dac9800000)]
  0x0000020091906fd0 JavaThread "Finalizer" daemon [_thread_blocked, id=6168, stack(0x000000dac9800000,0x000000dac9900000)]
  0x0000020091909ce0 JavaThread "Signal Dispatcher" daemon [_thread_blocked, id=5488, stack(0x000000dac9900000,0x000000dac9a00000)]
  0x000002009190c640 JavaThread "Attach Listener" daemon [_thread_blocked, id=9628, stack(0x000000dac9a00000,0x000000dac9b00000)]
  0x000002009190cf80 JavaThread "Service Thread" daemon [_thread_blocked, id=17528, stack(0x000000dac9b00000,0x000000dac9c00000)]
  0x0000020091911920 JavaThread "Monitor Deflation Thread" daemon [_thread_blocked, id=18480, stack(0x000000dac9c00000,0x000000dac9d00000)]
  0x0000020091912590 JavaThread "C2 CompilerThread0" daemon [_thread_blocked, id=6704, stack(0x000000dac9d00000,0x000000dac9e00000)]
  0x0000020091915580 JavaThread "C1 CompilerThread0" daemon [_thread_blocked, id=16672, stack(0x000000dac9e00000,0x000000dac9f00000)]
  0x0000020091a09a10 JavaThread "Common-Cleaner" daemon [_thread_blocked, id=13524, stack(0x000000dac9f00000,0x000000daca000000)]
  0x0000020091a56eb0 JavaThread "C1 CompilerThread1" daemon [_thread_blocked, id=15888, stack(0x000000daca000000,0x000000daca100000)]
  0x0000020091b50a60 JavaThread "Notification Thread" daemon [_thread_blocked, id=18460, stack(0x000000daca100000,0x000000daca200000)]
  0x0000020091c029b0 JavaThread "C2 CompilerThread1" daemon [_thread_blocked, id=6056, stack(0x000000daca300000,0x000000daca400000)]

Other Threads:
  0x000002004c66a670 VMThread "VM Thread" [stack: 0x000000dac9600000,0x000000dac9700000] [id=5772]
  0x0000020091b2c750 WatcherThread "VM Periodic Task Thread" [stack: 0x000000daca200000,0x000000daca300000] [id=12136]
  0x000002002c781cf0 WorkerThread "GC Thread#0" [stack: 0x000000dac9100000,0x000000dac9200000] [id=6452]
  0x000002002c792660 ConcurrentGCThread "G1 Main Marker" [stack: 0x000000dac9200000,0x000000dac9300000] [id=1432]
  0x000002002c793140 WorkerThread "G1 Conc#0" [stack: 0x000000dac9300000,0x000000dac9400000] [id=1468]
  0x000002004c52b980 ConcurrentGCThread "G1 Refine#0" [stack: 0x000000dac9400000,0x000000dac9500000] [id=20436]
  0x000002004c52c230 ConcurrentGCThread "G1 Service" [stack: 0x000000dac9500000,0x000000dac9600000] [id=20976]

Threads with active compile tasks:

VM state: not at safepoint (normal execution)

VM Mutex/Monitor currently owned by a thread:  ([mutex/lock_event])
[0x000002002a48f360] Metaspace_lock - owner thread: 0x000002002c70c380

Heap address: 0x0000000704a00000, size: 4022 MB, Compressed Oops mode: Zero based, Oop shift amount: 3

CDS archive(s) mapped at: [0x000002004c800000-0x000002004d460000-0x000002004d460000), size 12976128, SharedBaseAddress: 0x000002004c800000, ArchiveRelocationMode: 1.
Compressed class space mapped at: 0x000002004d800000-0x000002008d800000, reserved size: 1073741824
Narrow klass base: 0x000002004c800000, Narrow klass shift: 0, Narrow klass range: 0x100000000

GC Precious Log:
 CardTable entry size: 512
 Card Set container configuration: InlinePtr #cards 4 size 8 Array Of Cards #cards 16 size 48 Howl #buckets 8 coarsen threshold 3686 Howl Bitmap #cards 512 size 80 coarsen threshold 460 Card regions per heap region 1 cards per card region 4096
 CPUs: 16 total, 16 available
 Memory: 16085M
 Large Page Support: Disabled
 NUMA Support: Disabled
 Compressed Oops: Enabled (Zero based)
 Heap Region Size: 2M
 Heap Min Capacity: 8M
 Heap Initial Capacity: 252M
 Heap Max Capacity: 4022M
 Pre-touch: Disabled
 Parallel Workers: 13
 Concurrent Workers: 3
 Concurrent Refinement Workers: 13
 Periodic GC: Disabled

Heap:
 garbage-first heap   total 258048K, used 4096K [0x0000000704a00000, 0x0000000800000000)
  region size 2048K, 4 young (8192K), 0 survivors (0K)
 Metaspace       used 2484K, committed 2624K, reserved 1114112K
  class space    used 237K, committed 320K, reserved 1048576K

Heap Regions: E=young(eden), S=young(survivor), O=old, HS=humongous(starts), HC=humongous(continues), CS=collection set, F=free, OA=open archive, CA=closed archive, TAMS=top-at-mark-start, PB=parsable bottom
|   0|0x0000000704a00000, 0x0000000704a00000, 0x0000000704c00000|  0%| F|  |TAMS 0x0000000704a00000| PB 0x0000000704a00000| Untracked 
|   1|0x0000000704c00000, 0x0000000704c00000, 0x0000000704e00000|  0%| F|  |TAMS 0x0000000704c00000| PB 0x0000000704c00000| Untracked 
|   2|0x0000000704e00000, 0x0000000704e00000, 0x0000000705000000|  0%| F|  |TAMS 0x0000000704e00000| PB 0x0000000704e00000| Untracked 
|   3|0x0000000705000000, 0x0000000705000000, 0x0000000705200000|  0%| F|  |TAMS 0x0000000705000000| PB 0x0000000705000000| Untracked 
|   4|0x0000000705200000, 0x0000000705200000, 0x0000000705400000|  0%| F|  |TAMS 0x0000000705200000| PB 0x0000000705200000| Untracked 
|   5|0x0000000705400000, 0x0000000705400000, 0x0000000705600000|  0%| F|  |TAMS 0x0000000705400000| PB 0x0000000705400000| Untracked 
|   6|0x0000000705600000, 0x0000000705600000, 0x0000000705800000|  0%| F|  |TAMS 0x0000000705600000| PB 0x0000000705600000| Untracked 
|   7|0x0000000705800000, 0x0000000705800000, 0x0000000705a00000|  0%| F|  |TAMS 0x0000000705800000| PB 0x0000000705800000| Untracked 
|   8|0x0000000705a00000, 0x0000000705a00000, 0x0000000705c00000|  0%| F|  |TAMS 0x0000000705a00000| PB 0x0000000705a00000| Untracked 
|   9|0x0000000705c00000, 0x0000000705c00000, 0x0000000705e00000|  0%| F|  |TAMS 0x0000000705c00000| PB 0x0000000705c00000| Untracked 
|  10|0x0000000705e00000, 0x0000000705e00000, 0x0000000706000000|  0%| F|  |TAMS 0x0000000705e00000| PB 0x0000000705e00000| Untracked 
|  11|0x0000000706000000, 0x0000000706000000, 0x0000000706200000|  0%| F|  |TAMS 0x0000000706000000| PB 0x0000000706000000| Untracked 
|  12|0x0000000706200000, 0x0000000706200000, 0x0000000706400000|  0%| F|  |TAMS 0x0000000706200000| PB 0x0000000706200000| Untracked 
|  13|0x0000000706400000, 0x0000000706400000, 0x0000000706600000|  0%| F|  |TAMS 0x0000000706400000| PB 0x0000000706400000| Untracked 
|  14|0x0000000706600000, 0x0000000706600000, 0x0000000706800000|  0%| F|  |TAMS 0x0000000706600000| PB 0x0000000706600000| Untracked 
|  15|0x0000000706800000, 0x0000000706800000, 0x0000000706a00000|  0%| F|  |TAMS 0x0000000706800000| PB 0x0000000706800000| Untracked 
|  16|0x0000000706a00000, 0x0000000706a00000, 0x0000000706c00000|  0%| F|  |TAMS 0x0000000706a00000| PB 0x0000000706a00000| Untracked 
|  17|0x0000000706c00000, 0x0000000706c00000, 0x0000000706e00000|  0%| F|  |TAMS 0x0000000706c00000| PB 0x0000000706c00000| Untracked 
|  18|0x0000000706e00000, 0x0000000706e00000, 0x0000000707000000|  0%| F|  |TAMS 0x0000000706e00000| PB 0x0000000706e00000| Untracked 
|  19|0x0000000707000000, 0x0000000707000000, 0x0000000707200000|  0%| F|  |TAMS 0x0000000707000000| PB 0x0000000707000000| Untracked 
|  20|0x0000000707200000, 0x0000000707200000, 0x0000000707400000|  0%| F|  |TAMS 0x0000000707200000| PB 0x0000000707200000| Untracked 
|  21|0x0000000707400000, 0x0000000707400000, 0x0000000707600000|  0%| F|  |TAMS 0x0000000707400000| PB 0x0000000707400000| Untracked 
|  22|0x0000000707600000, 0x0000000707600000, 0x0000000707800000|  0%| F|  |TAMS 0x0000000707600000| PB 0x0000000707600000| Untracked 
|  23|0x0000000707800000, 0x0000000707800000, 0x0000000707a00000|  0%| F|  |TAMS 0x0000000707800000| PB 0x0000000707800000| Untracked 
|  24|0x0000000707a00000, 0x0000000707a00000, 0x0000000707c00000|  0%| F|  |TAMS 0x0000000707a00000| PB 0x0000000707a00000| Untracked 
|  25|0x0000000707c00000, 0x0000000707c00000, 0x0000000707e00000|  0%| F|  |TAMS 0x0000000707c00000| PB 0x0000000707c00000| Untracked 
|  26|0x0000000707e00000, 0x0000000707e00000, 0x0000000708000000|  0%| F|  |TAMS 0x0000000707e00000| PB 0x0000000707e00000| Untracked 
|  27|0x0000000708000000, 0x0000000708000000, 0x0000000708200000|  0%| F|  |TAMS 0x0000000708000000| PB 0x0000000708000000| Untracked 
|  28|0x0000000708200000, 0x0000000708200000, 0x0000000708400000|  0%| F|  |TAMS 0x0000000708200000| PB 0x0000000708200000| Untracked 
|  29|0x0000000708400000, 0x0000000708400000, 0x0000000708600000|  0%| F|  |TAMS 0x0000000708400000| PB 0x0000000708400000| Untracked 
|  30|0x0000000708600000, 0x0000000708600000, 0x0000000708800000|  0%| F|  |TAMS 0x0000000708600000| PB 0x0000000708600000| Untracked 
|  31|0x0000000708800000, 0x0000000708800000, 0x0000000708a00000|  0%| F|  |TAMS 0x0000000708800000| PB 0x0000000708800000| Untracked 
|  32|0x0000000708a00000, 0x0000000708a00000, 0x0000000708c00000|  0%| F|  |TAMS 0x0000000708a00000| PB 0x0000000708a00000| Untracked 
|  33|0x0000000708c00000, 0x0000000708c00000, 0x0000000708e00000|  0%| F|  |TAMS 0x0000000708c00000| PB 0x0000000708c00000| Untracked 
|  34|0x0000000708e00000, 0x0000000708e00000, 0x0000000709000000|  0%| F|  |TAMS 0x0000000708e00000| PB 0x0000000708e00000| Untracked 
|  35|0x0000000709000000, 0x0000000709000000, 0x0000000709200000|  0%| F|  |TAMS 0x0000000709000000| PB 0x0000000709000000| Untracked 
|  36|0x0000000709200000, 0x0000000709200000, 0x0000000709400000|  0%| F|  |TAMS 0x0000000709200000| PB 0x0000000709200000| Untracked 
|  37|0x0000000709400000, 0x0000000709400000, 0x0000000709600000|  0%| F|  |TAMS 0x0000000709400000| PB 0x0000000709400000| Untracked 
|  38|0x0000000709600000, 0x0000000709600000, 0x0000000709800000|  0%| F|  |TAMS 0x0000000709600000| PB 0x0000000709600000| Untracked 
|  39|0x0000000709800000, 0x0000000709800000, 0x0000000709a00000|  0%| F|  |TAMS 0x0000000709800000| PB 0x0000000709800000| Untracked 
|  40|0x0000000709a00000, 0x0000000709a00000, 0x0000000709c00000|  0%| F|  |TAMS 0x0000000709a00000| PB 0x0000000709a00000| Untracked 
|  41|0x0000000709c00000, 0x0000000709c00000, 0x0000000709e00000|  0%| F|  |TAMS 0x0000000709c00000| PB 0x0000000709c00000| Untracked 
|  42|0x0000000709e00000, 0x0000000709e00000, 0x000000070a000000|  0%| F|  |TAMS 0x0000000709e00000| PB 0x0000000709e00000| Untracked 
|  43|0x000000070a000000, 0x000000070a000000, 0x000000070a200000|  0%| F|  |TAMS 0x000000070a000000| PB 0x000000070a000000| Untracked 
|  44|0x000000070a200000, 0x000000070a200000, 0x000000070a400000|  0%| F|  |TAMS 0x000000070a200000| PB 0x000000070a200000| Untracked 
|  45|0x000000070a400000, 0x000000070a400000, 0x000000070a600000|  0%| F|  |TAMS 0x000000070a400000| PB 0x000000070a400000| Untracked 
|  46|0x000000070a600000, 0x000000070a600000, 0x000000070a800000|  0%| F|  |TAMS 0x000000070a600000| PB 0x000000070a600000| Untracked 
|  47|0x000000070a800000, 0x000000070a800000, 0x000000070aa00000|  0%| F|  |TAMS 0x000000070a800000| PB 0x000000070a800000| Untracked 
|  48|0x000000070aa00000, 0x000000070aa00000, 0x000000070ac00000|  0%| F|  |TAMS 0x000000070aa00000| PB 0x000000070aa00000| Untracked 
|  49|0x000000070ac00000, 0x000000070ac00000, 0x000000070ae00000|  0%| F|  |TAMS 0x000000070ac00000| PB 0x000000070ac00000| Untracked 
|  50|0x000000070ae00000, 0x000000070ae00000, 0x000000070b000000|  0%| F|  |TAMS 0x000000070ae00000| PB 0x000000070ae00000| Untracked 
|  51|0x000000070b000000, 0x000000070b000000, 0x000000070b200000|  0%| F|  |TAMS 0x000000070b000000| PB 0x000000070b000000| Untracked 
|  52|0x000000070b200000, 0x000000070b200000, 0x000000070b400000|  0%| F|  |TAMS 0x000000070b200000| PB 0x000000070b200000| Untracked 
|  53|0x000000070b400000, 0x000000070b400000, 0x000000070b600000|  0%| F|  |TAMS 0x000000070b400000| PB 0x000000070b400000| Untracked 
|  54|0x000000070b600000, 0x000000070b600000, 0x000000070b800000|  0%| F|  |TAMS 0x000000070b600000| PB 0x000000070b600000| Untracked 
|  55|0x000000070b800000, 0x000000070b800000, 0x000000070ba00000|  0%| F|  |TAMS 0x000000070b800000| PB 0x000000070b800000| Untracked 
|  56|0x000000070ba00000, 0x000000070ba00000, 0x000000070bc00000|  0%| F|  |TAMS 0x000000070ba00000| PB 0x000000070ba00000| Untracked 
|  57|0x000000070bc00000, 0x000000070bc00000, 0x000000070be00000|  0%| F|  |TAMS 0x000000070bc00000| PB 0x000000070bc00000| Untracked 
|  58|0x000000070be00000, 0x000000070be00000, 0x000000070c000000|  0%| F|  |TAMS 0x000000070be00000| PB 0x000000070be00000| Untracked 
|  59|0x000000070c000000, 0x000000070c000000, 0x000000070c200000|  0%| F|  |TAMS 0x000000070c000000| PB 0x000000070c000000| Untracked 
|  60|0x000000070c200000, 0x000000070c200000, 0x000000070c400000|  0%| F|  |TAMS 0x000000070c200000| PB 0x000000070c200000| Untracked 
|  61|0x000000070c400000, 0x000000070c400000, 0x000000070c600000|  0%| F|  |TAMS 0x000000070c400000| PB 0x000000070c400000| Untracked 
|  62|0x000000070c600000, 0x000000070c600000, 0x000000070c800000|  0%| F|  |TAMS 0x000000070c600000| PB 0x000000070c600000| Untracked 
|  63|0x000000070c800000, 0x000000070c800000, 0x000000070ca00000|  0%| F|  |TAMS 0x000000070c800000| PB 0x000000070c800000| Untracked 
|  64|0x000000070ca00000, 0x000000070ca00000, 0x000000070cc00000|  0%| F|  |TAMS 0x000000070ca00000| PB 0x000000070ca00000| Untracked 
|  65|0x000000070cc00000, 0x000000070cc00000, 0x000000070ce00000|  0%| F|  |TAMS 0x000000070cc00000| PB 0x000000070cc00000| Untracked 
|  66|0x000000070ce00000, 0x000000070ce00000, 0x000000070d000000|  0%| F|  |TAMS 0x000000070ce00000| PB 0x000000070ce00000| Untracked 
|  67|0x000000070d000000, 0x000000070d000000, 0x000000070d200000|  0%| F|  |TAMS 0x000000070d000000| PB 0x000000070d000000| Untracked 
|  68|0x000000070d200000, 0x000000070d200000, 0x000000070d400000|  0%| F|  |TAMS 0x000000070d200000| PB 0x000000070d200000| Untracked 
|  69|0x000000070d400000, 0x000000070d400000, 0x000000070d600000|  0%| F|  |TAMS 0x000000070d400000| PB 0x000000070d400000| Untracked 
|  70|0x000000070d600000, 0x000000070d600000, 0x000000070d800000|  0%| F|  |TAMS 0x000000070d600000| PB 0x000000070d600000| Untracked 
|  71|0x000000070d800000, 0x000000070d800000, 0x000000070da00000|  0%| F|  |TAMS 0x000000070d800000| PB 0x000000070d800000| Untracked 
|  72|0x000000070da00000, 0x000000070da00000, 0x000000070dc00000|  0%| F|  |TAMS 0x000000070da00000| PB 0x000000070da00000| Untracked 
|  73|0x000000070dc00000, 0x000000070dc00000, 0x000000070de00000|  0%| F|  |TAMS 0x000000070dc00000| PB 0x000000070dc00000| Untracked 
|  74|0x000000070de00000, 0x000000070de00000, 0x000000070e000000|  0%| F|  |TAMS 0x000000070de00000| PB 0x000000070de00000| Untracked 
|  75|0x000000070e000000, 0x000000070e000000, 0x000000070e200000|  0%| F|  |TAMS 0x000000070e000000| PB 0x000000070e000000| Untracked 
|  76|0x000000070e200000, 0x000000070e200000, 0x000000070e400000|  0%| F|  |TAMS 0x000000070e200000| PB 0x000000070e200000| Untracked 
|  77|0x000000070e400000, 0x000000070e400000, 0x000000070e600000|  0%| F|  |TAMS 0x000000070e400000| PB 0x000000070e400000| Untracked 
|  78|0x000000070e600000, 0x000000070e600000, 0x000000070e800000|  0%| F|  |TAMS 0x000000070e600000| PB 0x000000070e600000| Untracked 
|  79|0x000000070e800000, 0x000000070e800000, 0x000000070ea00000|  0%| F|  |TAMS 0x000000070e800000| PB 0x000000070e800000| Untracked 
|  80|0x000000070ea00000, 0x000000070ea00000, 0x000000070ec00000|  0%| F|  |TAMS 0x000000070ea00000| PB 0x000000070ea00000| Untracked 
|  81|0x000000070ec00000, 0x000000070ec00000, 0x000000070ee00000|  0%| F|  |TAMS 0x000000070ec00000| PB 0x000000070ec00000| Untracked 
|  82|0x000000070ee00000, 0x000000070ee00000, 0x000000070f000000|  0%| F|  |TAMS 0x000000070ee00000| PB 0x000000070ee00000| Untracked 
|  83|0x000000070f000000, 0x000000070f000000, 0x000000070f200000|  0%| F|  |TAMS 0x000000070f000000| PB 0x000000070f000000| Untracked 
|  84|0x000000070f200000, 0x000000070f200000, 0x000000070f400000|  0%| F|  |TAMS 0x000000070f200000| PB 0x000000070f200000| Untracked 
|  85|0x000000070f400000, 0x000000070f400000, 0x000000070f600000|  0%| F|  |TAMS 0x000000070f400000| PB 0x000000070f400000| Untracked 
|  86|0x000000070f600000, 0x000000070f600000, 0x000000070f800000|  0%| F|  |TAMS 0x000000070f600000| PB 0x000000070f600000| Untracked 
|  87|0x000000070f800000, 0x000000070f800000, 0x000000070fa00000|  0%| F|  |TAMS 0x000000070f800000| PB 0x000000070f800000| Untracked 
|  88|0x000000070fa00000, 0x000000070fa00000, 0x000000070fc00000|  0%| F|  |TAMS 0x000000070fa00000| PB 0x000000070fa00000| Untracked 
|  89|0x000000070fc00000, 0x000000070fc00000, 0x000000070fe00000|  0%| F|  |TAMS 0x000000070fc00000| PB 0x000000070fc00000| Untracked 
|  90|0x000000070fe00000, 0x000000070fe00000, 0x0000000710000000|  0%| F|  |TAMS 0x000000070fe00000| PB 0x000000070fe00000| Untracked 
|  91|0x0000000710000000, 0x0000000710000000, 0x0000000710200000|  0%| F|  |TAMS 0x0000000710000000| PB 0x0000000710000000| Untracked 
|  92|0x0000000710200000, 0x0000000710200000, 0x0000000710400000|  0%| F|  |TAMS 0x0000000710200000| PB 0x0000000710200000| Untracked 
|  93|0x0000000710400000, 0x0000000710400000, 0x0000000710600000|  0%| F|  |TAMS 0x0000000710400000| PB 0x0000000710400000| Untracked 
|  94|0x0000000710600000, 0x0000000710600000, 0x0000000710800000|  0%| F|  |TAMS 0x0000000710600000| PB 0x0000000710600000| Untracked 
|  95|0x0000000710800000, 0x0000000710800000, 0x0000000710a00000|  0%| F|  |TAMS 0x0000000710800000| PB 0x0000000710800000| Untracked 
|  96|0x0000000710a00000, 0x0000000710a00000, 0x0000000710c00000|  0%| F|  |TAMS 0x0000000710a00000| PB 0x0000000710a00000| Untracked 
|  97|0x0000000710c00000, 0x0000000710c00000, 0x0000000710e00000|  0%| F|  |TAMS 0x0000000710c00000| PB 0x0000000710c00000| Untracked 
|  98|0x0000000710e00000, 0x0000000710e00000, 0x0000000711000000|  0%| F|  |TAMS 0x0000000710e00000| PB 0x0000000710e00000| Untracked 
|  99|0x0000000711000000, 0x0000000711000000, 0x0000000711200000|  0%| F|  |TAMS 0x0000000711000000| PB 0x0000000711000000| Untracked 
| 100|0x0000000711200000, 0x0000000711200000, 0x0000000711400000|  0%| F|  |TAMS 0x0000000711200000| PB 0x0000000711200000| Untracked 
| 101|0x0000000711400000, 0x0000000711400000, 0x0000000711600000|  0%| F|  |TAMS 0x0000000711400000| PB 0x0000000711400000| Untracked 
| 102|0x0000000711600000, 0x0000000711600000, 0x0000000711800000|  0%| F|  |TAMS 0x0000000711600000| PB 0x0000000711600000| Untracked 
| 103|0x0000000711800000, 0x0000000711800000, 0x0000000711a00000|  0%| F|  |TAMS 0x0000000711800000| PB 0x0000000711800000| Untracked 
| 104|0x0000000711a00000, 0x0000000711a00000, 0x0000000711c00000|  0%| F|  |TAMS 0x0000000711a00000| PB 0x0000000711a00000| Untracked 
| 105|0x0000000711c00000, 0x0000000711c00000, 0x0000000711e00000|  0%| F|  |TAMS 0x0000000711c00000| PB 0x0000000711c00000| Untracked 
| 106|0x0000000711e00000, 0x0000000711e00000, 0x0000000712000000|  0%| F|  |TAMS 0x0000000711e00000| PB 0x0000000711e00000| Untracked 
| 107|0x0000000712000000, 0x0000000712000000, 0x0000000712200000|  0%| F|  |TAMS 0x0000000712000000| PB 0x0000000712000000| Untracked 
| 108|0x0000000712200000, 0x0000000712200000, 0x0000000712400000|  0%| F|  |TAMS 0x0000000712200000| PB 0x0000000712200000| Untracked 
| 109|0x0000000712400000, 0x0000000712400000, 0x0000000712600000|  0%| F|  |TAMS 0x0000000712400000| PB 0x0000000712400000| Untracked 
| 110|0x0000000712600000, 0x0000000712600000, 0x0000000712800000|  0%| F|  |TAMS 0x0000000712600000| PB 0x0000000712600000| Untracked 
| 111|0x0000000712800000, 0x0000000712800000, 0x0000000712a00000|  0%| F|  |TAMS 0x0000000712800000| PB 0x0000000712800000| Untracked 
| 112|0x0000000712a00000, 0x0000000712a00000, 0x0000000712c00000|  0%| F|  |TAMS 0x0000000712a00000| PB 0x0000000712a00000| Untracked 
| 113|0x0000000712c00000, 0x0000000712c00000, 0x0000000712e00000|  0%| F|  |TAMS 0x0000000712c00000| PB 0x0000000712c00000| Untracked 
| 114|0x0000000712e00000, 0x0000000712e00000, 0x0000000713000000|  0%| F|  |TAMS 0x0000000712e00000| PB 0x0000000712e00000| Untracked 
| 115|0x0000000713000000, 0x0000000713000000, 0x0000000713200000|  0%| F|  |TAMS 0x0000000713000000| PB 0x0000000713000000| Untracked 
| 116|0x0000000713200000, 0x0000000713200000, 0x0000000713400000|  0%| F|  |TAMS 0x0000000713200000| PB 0x0000000713200000| Untracked 
| 117|0x0000000713400000, 0x0000000713400000, 0x0000000713600000|  0%| F|  |TAMS 0x0000000713400000| PB 0x0000000713400000| Untracked 
| 118|0x0000000713600000, 0x0000000713600000, 0x0000000713800000|  0%| F|  |TAMS 0x0000000713600000| PB 0x0000000713600000| Untracked 
| 119|0x0000000713800000, 0x0000000713800000, 0x0000000713a00000|  0%| F|  |TAMS 0x0000000713800000| PB 0x0000000713800000| Untracked 
| 120|0x0000000713a00000, 0x0000000713a00000, 0x0000000713c00000|  0%| F|  |TAMS 0x0000000713a00000| PB 0x0000000713a00000| Untracked 
| 121|0x0000000713c00000, 0x0000000713c00000, 0x0000000713e00000|  0%| F|  |TAMS 0x0000000713c00000| PB 0x0000000713c00000| Untracked 
| 122|0x0000000713e00000, 0x0000000713e71648, 0x0000000714000000| 22%| E|  |TAMS 0x0000000713e00000| PB 0x0000000713e00000| Complete 
| 123|0x0000000714000000, 0x0000000714200000, 0x0000000714200000|100%| E|CS|TAMS 0x0000000714000000| PB 0x0000000714000000| Complete 
| 124|0x0000000714200000, 0x0000000714400000, 0x0000000714400000|100%| E|  |TAMS 0x0000000714200000| PB 0x0000000714200000| Complete 
| 125|0x0000000714400000, 0x0000000714600000, 0x0000000714600000|100%| E|CS|TAMS 0x0000000714400000| PB 0x0000000714400000| Complete 

Card table byte_map: [0x0000020044850000,0x0000020045030000] _byte_map_base: 0x000002004102b000

Marking Bits: (CMBitMap*) 0x000002002c782230
 Bits: [0x0000020045810000, 0x00000200496e8000)

Polling page: 0x000002002a6f0000

Metaspace:

Usage:
  Non-class:      2.19 MB used.
      Class:    237.71 KB used.
       Both:      2.43 MB used.

Virtual space:
  Non-class space:       64.00 MB reserved,       2.25 MB (  4%) committed,  1 nodes.
      Class space:        1.00 GB reserved,     320.00 KB ( <1%) committed,  1 nodes.
             Both:        1.06 GB reserved,       2.56 MB ( <1%) committed. 

Chunk freelists:
   Non-Class:  3.90 MB
       Class:  3.69 MB
        Both:  7.60 MB

MaxMetaspaceSize: unlimited
CompressedClassSpaceSize: 1.00 GB
Initial GC threshold: 21.00 MB
Current GC threshold: 21.00 MB
CDS: on
MetaspaceReclaimPolicy: balanced
 - commit_granule_bytes: 65536.
 - commit_granule_words: 8192.
 - virtual_space_node_default_size: 8388608.
 - enlarge_chunks_in_place: 1.
 - new_chunks_are_fully_committed: 0.
 - uncommit_free_chunks: 1.
 - use_allocation_guard: 0.


Internal statistics:

num_allocs_failed_limit: 0.
num_arena_births: 70.
num_arena_deaths: 0.
num_vsnodes_births: 2.
num_vsnodes_deaths: 0.
num_space_committed: 41.
num_space_uncommitted: 0.
num_chunks_returned_to_freelist: 0.
num_chunks_taken_from_freelist: 91.
num_chunk_merges: 0.
num_chunk_splits: 53.
num_chunks_enlarged: 18.
num_inconsistent_stats: 0.

CodeHeap 'non-profiled nmethods': size=119168Kb used=140Kb max_used=140Kb free=119027Kb
 bounds [0x000002003c380000, 0x000002003c5f0000, 0x00000200437e0000]
CodeHeap 'profiled nmethods': size=119104Kb used=535Kb max_used=535Kb free=118568Kb
 bounds [0x00000200347e0000, 0x0000020034a50000, 0x000002003bc30000]
CodeHeap 'non-nmethods': size=7488Kb used=2103Kb max_used=2103Kb free=5384Kb
 bounds [0x000002003bc30000, 0x000002003bea0000, 0x000002003c380000]
 total_blobs=891 nmethods=419 adapters=382
 compilation: enabled
              stopped_count=0, restarted_count=0
 full_count=0

Compilation events (20 events):
Event: 0.149 Thread 0x0000020091a56eb0 nmethod 395 0x000002003485dd10 code [0x000002003485dec0, 0x000002003485e118]
Event: 0.149 Thread 0x0000020091a56eb0  401       3       sun.invoke.util.Wrapper::forPrimitiveType (122 bytes)
Event: 0.149 Thread 0x0000020091912590  402       4       jdk.internal.org.objectweb.asm.ByteVector::putUTF8 (144 bytes)
Event: 0.150 Thread 0x0000020091a56eb0 nmethod 401 0x000002003485e290 code [0x000002003485e540, 0x000002003485f060]
Event: 0.150 Thread 0x0000020091a56eb0  403       3       java.lang.String::<init> (99 bytes)
Event: 0.150 Thread 0x0000020091915580 nmethod 394 0x000002003485f390 code [0x000002003485f720, 0x00000200348612a8]
Event: 0.150 Thread 0x0000020091915580  404       3       java.lang.invoke.InvokerBytecodeGenerator::emitLoadInsn (21 bytes)
Event: 0.150 Thread 0x0000020091915580 nmethod 404 0x0000020034861b90 code [0x0000020034861d40, 0x0000020034861f98]
Event: 0.150 Thread 0x0000020091915580  405       3       java.lang.invoke.InvokerBytecodeGenerator::loadInsnOpcode (98 bytes)
Event: 0.150 Thread 0x0000020091a56eb0 nmethod 403 0x0000020034862110 code [0x0000020034862300, 0x0000020034862938]
Event: 0.150 Thread 0x0000020091a56eb0  406       3       java.lang.invoke.InvokerBytecodeGenerator::emitPushArgument (150 bytes)
Event: 0.151 Thread 0x0000020091915580 nmethod 405 0x0000020034862b10 code [0x0000020034862d60, 0x00000200348636c0]
Event: 0.151 Thread 0x0000020091915580  408       3       java.lang.invoke.LambdaForm$BasicType::basicTypeSlots (8 bytes)
Event: 0.151 Thread 0x0000020091915580 nmethod 408 0x0000020034863a10 code [0x0000020034863ba0, 0x0000020034863d20]
Event: 0.151 Thread 0x0000020091a56eb0 nmethod 406 0x0000020034863e10 code [0x00000200348640c0, 0x0000020034864e60]
Event: 0.151 Thread 0x0000020091915580  409       3       sun.invoke.util.Wrapper::stackSlots (9 bytes)
Event: 0.151 Thread 0x0000020091915580 nmethod 409 0x0000020034865190 code [0x0000020034865320, 0x0000020034865430]
Event: 0.153 Thread 0x0000020091912590 nmethod 402 0x000002003c3a2b10 code [0x000002003c3a2ca0, 0x000002003c3a3030]
Event: 0.157 Thread 0x0000020091915580  419       3       sun.invoke.util.VerifyAccess::isSamePackage (37 bytes)
Event: 0.157 Thread 0x0000020091915580 nmethod 419 0x0000020034865490 code [0x0000020034865680, 0x0000020034865c28]

GC Heap History (0 events):
No events

Dll operation events (7 events):
Event: 0.009 Loaded shared library C:\Program Files\Java\jdk-20\bin\java.dll
Event: 0.029 Loaded shared library C:\Program Files\Java\jdk-20\bin\jsvml.dll
Event: 0.065 Loaded shared library C:\Program Files\Java\jdk-20\bin\net.dll
Event: 0.067 Loaded shared library C:\Program Files\Java\jdk-20\bin\nio.dll
Event: 0.088 Loaded shared library C:\Program Files\Java\jdk-20\bin\zip.dll
Event: 0.108 Loaded shared library C:\Program Files\Java\jdk-20\bin\jimage.dll
Event: 0.121 Loaded shared library C:\Program Files\Java\jdk-20\bin\awt.dll

Deoptimization events (0 events):
No events

Classes loaded (20 events):
Event: 0.162 Loading class java/awt/ImageCapabilities done
Event: 0.162 Loading class java/awt/Image$1
Event: 0.162 Loading class sun/awt/image/SurfaceManager$ImageAccessor
Event: 0.162 Loading class sun/awt/image/SurfaceManager$ImageAccessor done
Event: 0.162 Loading class java/awt/Image$1 done
Event: 0.162 Loading class sun/awt/image/SurfaceManager
Event: 0.162 Loading class sun/awt/image/SurfaceManager done
Event: 0.162 Loading class sun/awt/image/VolatileSurfaceManager
Event: 0.162 Loading class sun/awt/image/VolatileSurfaceManager done
Event: 0.162 Loading class sun/awt/windows/WDesktopPeer
Event: 0.162 Loading class java/awt/peer/DesktopPeer
Event: 0.162 Loading class java/awt/peer/DesktopPeer done
Event: 0.162 Loading class sun/awt/windows/WDesktopPeer done
Event: 0.162 Loading class javax/swing/event/EventListenerList
Event: 0.162 Loading class javax/swing/event/EventListenerList done
Event: 0.162 Loading class java/awt/desktop/UserSessionEvent$Reason
Event: 0.162 Loading class java/awt/desktop/UserSessionEvent$Reason done
Event: 0.162 Loading class jdk/internal/logger/SurrogateLogger
Event: 0.162 Loading class jdk/internal/logger/SimpleConsoleLogger
Event: 0.162 Loading class sun/util/logging/PlatformLogger$ConfigurableBridge$LoggerConfiguration

Classes unloaded (0 events):
No events

Classes redefined (0 events):
No events

Internal exceptions (11 events):
Event: 0.067 Thread 0x000002002c70c380 Exception <a 'sun/nio/fs/WindowsException'{0x000000071459d6c8}> (0x000000071459d6c8) 
thrown [s\open\src\hotspot\share\prims\jni.cpp, line 519]
Event: 0.069 Thread 0x000002002c70c380 Exception <a 'sun/nio/fs/WindowsException'{0x000000071459f948}> (0x000000071459f948) 
thrown [s\open\src\hotspot\share\prims\jni.cpp, line 519]
Event: 0.069 Thread 0x000002002c70c380 Exception <a 'sun/nio/fs/WindowsException'{0x00000007145a0348}> (0x00000007145a0348) 
thrown [s\open\src\hotspot\share\prims\jni.cpp, line 519]
Event: 0.069 Thread 0x000002002c70c380 Exception <a 'sun/nio/fs/WindowsException'{0x00000007145a0d78}> (0x00000007145a0d78) 
thrown [s\open\src\hotspot\share\prims\jni.cpp, line 519]
Event: 0.069 Thread 0x000002002c70c380 Exception <a 'sun/nio/fs/WindowsException'{0x00000007145a1778}> (0x00000007145a1778) 
thrown [s\open\src\hotspot\share\prims\jni.cpp, line 519]
Event: 0.069 Thread 0x000002002c70c380 Exception <a 'sun/nio/fs/WindowsException'{0x00000007145a2178}> (0x00000007145a2178) 
thrown [s\open\src\hotspot\share\prims\jni.cpp, line 519]
Event: 0.070 Thread 0x000002002c70c380 Exception <a 'sun/nio/fs/WindowsException'{0x00000007145a2b90}> (0x00000007145a2b90) 
thrown [s\open\src\hotspot\share\prims\jni.cpp, line 519]
Event: 0.070 Thread 0x000002002c70c380 Exception <a 'sun/nio/fs/WindowsException'{0x00000007145a3988}> (0x00000007145a3988) 
thrown [s\open\src\hotspot\share\prims\jni.cpp, line 519]
Event: 0.112 Thread 0x000002002c70c380 Exception <a 'java/lang/ClassNotFoundException'{0x000000071414f108}: sun/awt/resources/spi/awtProvider> (0x000000071414f108) 
thrown [s\open\src\hotspot\share\classfile\systemDictionary.cpp, line 305]
Event: 0.132 Thread 0x000002002c70c380 Exception <a 'java/io/FileNotFoundException'{0x000000071419ba08}> (0x000000071419ba08) 
thrown [s\open\src\hotspot\share\prims\jni.cpp, line 519]
Event: 0.139 Thread 0x000002002c70c380 Exception <a 'java/io/FileNotFoundException'{0x00000007141c5998}> (0x00000007141c5998) 
thrown [s\open\src\hotspot\share\prims\jni.cpp, line 519]

VM Operations (4 events):
Event: 0.071 Executing VM operation: HandshakeAllThreads
Event: 0.071 Executing VM operation: HandshakeAllThreads done
Event: 0.145 Executing VM operation: HandshakeAllThreads
Event: 0.145 Executing VM operation: HandshakeAllThreads done

Events (13 events):
Event: 0.029 Thread 0x000002002c70c380 Thread added: 0x000002002c70c380
Event: 0.037 Thread 0x00000200919062d0 Thread added: 0x00000200919062d0
Event: 0.037 Thread 0x0000020091906fd0 Thread added: 0x0000020091906fd0
Event: 0.037 Thread 0x0000020091909ce0 Thread added: 0x0000020091909ce0
Event: 0.037 Thread 0x000002009190c640 Thread added: 0x000002009190c640
Event: 0.037 Thread 0x000002009190cf80 Thread added: 0x000002009190cf80
Event: 0.037 Thread 0x0000020091911920 Thread added: 0x0000020091911920
Event: 0.037 Thread 0x0000020091912590 Thread added: 0x0000020091912590
Event: 0.037 Thread 0x0000020091915580 Thread added: 0x0000020091915580
Event: 0.055 Thread 0x0000020091a09a10 Thread added: 0x0000020091a09a10
Event: 0.059 Thread 0x0000020091a56eb0 Thread added: 0x0000020091a56eb0
Event: 0.083 Thread 0x0000020091b50a60 Thread added: 0x0000020091b50a60
Event: 0.086 Thread 0x0000020091c029b0 Thread added: 0x0000020091c029b0


Dynamic libraries:
0x00007ff69f860000 - 0x00007ff69f870000 	C:\Program Files\Java\jdk-20\bin\java.exe
0x00007ffb14f90000 - 0x00007ffb151a6000 	C:\Windows\SYSTEM32\ntdll.dll
0x00007ffb134c0000 - 0x00007ffb13584000 	C:\Windows\System32\KERNEL32.DLL
0x00007ffb12860000 - 0x00007ffb12c07000 	C:\Windows\System32\KERNELBASE.dll
0x00007ffb12610000 - 0x00007ffb12721000 	C:\Windows\System32\ucrtbase.dll
0x00007ffb0c2d0000 - 0x00007ffb0c2eb000 	C:\Program Files\Java\jdk-20\bin\VCRUNTIME140.dll
0x00007ffad5fc0000 - 0x00007ffad5fd9000 	C:\Program Files\Java\jdk-20\bin\jli.dll
0x00007ffb13400000 - 0x00007ffb134b2000 	C:\Windows\System32\ADVAPI32.dll
0x00007ffb12e80000 - 0x00007ffb12f27000 	C:\Windows\System32\msvcrt.dll
0x00007ffb13300000 - 0x00007ffb133a8000 	C:\Windows\System32\sechost.dll
0x00007ffb12c90000 - 0x00007ffb12cb8000 	C:\Windows\System32\bcrypt.dll
0x00007ffb12f40000 - 0x00007ffb13055000 	C:\Windows\System32\RPCRT4.dll
0x00007ffb12cc0000 - 0x00007ffb12e6e000 	C:\Windows\System32\USER32.dll
0x00007ffb123d0000 - 0x00007ffb123f6000 	C:\Windows\System32\win32u.dll
0x00007ffaf0020000 - 0x00007ffaf02b3000 	C:\Windows\WinSxS\amd64_microsoft.windows.common-controls_6595b64144ccf1df_6.0.22621.3235_none_270f74e173860f98\COMCTL32.dll
0x00007ffb13060000 - 0x00007ffb13089000 	C:\Windows\System32\GDI32.dll
0x00007ffb122b0000 - 0x00007ffb123c9000 	C:\Windows\System32\gdi32full.dll
0x00007ffb12570000 - 0x00007ffb1260a000 	C:\Windows\System32\msvcp_win.dll
0x00007ffb0bc20000 - 0x00007ffb0bc2a000 	C:\Windows\SYSTEM32\VERSION.dll
0x00007ffb13b50000 - 0x00007ffb13b81000 	C:\Windows\System32\IMM32.DLL
0x00007ffb0d240000 - 0x00007ffb0d24c000 	C:\Program Files\Java\jdk-20\bin\vcruntime140_1.dll
0x00007ffafac40000 - 0x00007ffafacce000 	C:\Program Files\Java\jdk-20\bin\msvcp140.dll
0x00007ffaafd90000 - 0x00007ffab0a28000 	C:\Program Files\Java\jdk-20\bin\server\jvm.dll
0x00007ffb0d250000 - 0x00007ffb0d259000 	C:\Windows\SYSTEM32\WSOCK32.dll
0x00007ffb08250000 - 0x00007ffb08284000 	C:\Windows\SYSTEM32\WINMM.dll
0x00007ffb136a0000 - 0x00007ffb13711000 	C:\Windows\System32\WS2_32.dll
0x00007ffb11370000 - 0x00007ffb11388000 	C:\Windows\SYSTEM32\kernel.appcore.dll
0x00007ffb0b4a0000 - 0x00007ffb0b4aa000 	C:\Program Files\Java\jdk-20\bin\jimage.dll
0x00007ffb0fc00000 - 0x00007ffb0fe33000 	C:\Windows\SYSTEM32\DBGHELP.DLL
0x00007ffb14bc0000 - 0x00007ffb14f48000 	C:\Windows\System32\combase.dll
0x00007ffb13590000 - 0x00007ffb13667000 	C:\Windows\System32\OLEAUT32.dll
0x00007ffaefd80000 - 0x00007ffaefdb2000 	C:\Windows\SYSTEM32\dbgcore.DLL
0x00007ffb12c10000 - 0x00007ffb12c89000 	C:\Windows\System32\bcryptPrimitives.dll
0x00007ffafafd0000 - 0x00007ffafaff6000 	C:\Program Files\Java\jdk-20\bin\java.dll
0x00007ffafaef0000 - 0x00007ffafafc7000 	C:\Program Files\Java\jdk-20\bin\jsvml.dll
0x00007ffb13c20000 - 0x00007ffb1447c000 	C:\Windows\System32\SHELL32.dll
0x00007ffb10210000 - 0x00007ffb10b09000 	C:\Windows\SYSTEM32\windows.storage.dll
0x00007ffb100d0000 - 0x00007ffb1020e000 	C:\Windows\SYSTEM32\wintypes.dll
0x00007ffb14ac0000 - 0x00007ffb14bb3000 	C:\Windows\System32\SHCORE.dll
0x00007ffb13090000 - 0x00007ffb130ee000 	C:\Windows\System32\shlwapi.dll
0x00007ffb121e0000 - 0x00007ffb12201000 	C:\Windows\SYSTEM32\profapi.dll
0x00007ffafaed0000 - 0x00007ffafaee3000 	C:\Program Files\Java\jdk-20\bin\net.dll
0x00007ffb08700000 - 0x00007ffb08836000 	C:\Windows\SYSTEM32\WINHTTP.dll
0x00007ffb11850000 - 0x00007ffb118b9000 	C:\Windows\system32\mswsock.dll
0x00007ffafaeb0000 - 0x00007ffafaec6000 	C:\Program Files\Java\jdk-20\bin\nio.dll
0x00007ffafae90000 - 0x00007ffafaea8000 	C:\Program Files\Java\jdk-20\bin\zip.dll
0x00007ffafacd0000 - 0x00007ffafae61000 	C:\Program Files\Java\jdk-20\bin\awt.dll
0x00007ffb0f340000 - 0x00007ffb0f3d7000 	C:\Windows\SYSTEM32\apphelp.dll

dbghelp: loaded successfully - version: 4.0.5 - missing functions: none
symbol engine: initialized successfully - sym options: 0x614 - pdb path: .;C:\Program Files\Java\jdk-20\bin;C:\Windows\SYSTEM32;C:\Windows\WinSxS\amd64_microsoft.windows.common-controls_6595b64144ccf1df_6.0.22621.3235_none_270f74e173860f98;C:\Program Files\Java\jdk-20\bin\server

VM Arguments:
jvm_args: -Dfile.encoding=UTF-8 --module-path=C:\Users\jofob\Desktop\JAVAPROJECT\java1505\build\classes 
java_command: GUI.StoreScreen
java_class_path (initial): C:\Users\jofob\Documents\Zalo Received Files\mysql-connector-java-5.1.23-bin.jar;C:\Users\jofob\Downloads\thuvienpoi\commons-codec-1.11.jar;C:\Users\jofob\Downloads\thuvienpoi\commons-collections4-4.2.jar;C:\Users\jofob\Downloads\thuvienpoi\commons-compress-1.18.jar;C:\Users\jofob\Downloads\thuvienpoi\poi-4.0.1.jar;C:\Users\jofob\Downloads\thuvienpoi\poi-ooxml-4.0.1.jar;C:\Users\jofob\Downloads\thuvienpoi\poi-ooxml-schemas-4.0.1.jar;C:\Users\jofob\Downloads\thuvienpoi\xmlbeans-3.0.2.jar;C:\Users\jofob\Desktop\JAVAPROJECT\java1505\build\classes
Launcher Type: SUN_STANDARD

[Global flags]
     intx CICompilerCount                          = 12                                        {product} {ergonomic}
     uint ConcGCThreads                            = 3                                         {product} {ergonomic}
     uint G1ConcRefinementThreads                  = 13                                        {product} {ergonomic}
   size_t G1HeapRegionSize                         = 2097152                                   {product} {ergonomic}
    uintx GCDrainStackTargetSize                   = 64                                        {product} {ergonomic}
   size_t InitialHeapSize                          = 264241152                                 {product} {ergonomic}
   size_t MarkStackSize                            = 4194304                                   {product} {ergonomic}
   size_t MaxHeapSize                              = 4217372672                                {product} {ergonomic}
   size_t MaxNewSize                               = 2529165312                                {product} {ergonomic}
   size_t MinHeapDeltaBytes                        = 2097152                                   {product} {ergonomic}
   size_t MinHeapSize                              = 8388608                                   {product} {ergonomic}
    uintx NonNMethodCodeHeapSize                   = 7602480                                {pd product} {ergonomic}
    uintx NonProfiledCodeHeapSize                  = 122027880                              {pd product} {ergonomic}
     bool PerfDisableSharedMem                     = true                                      {product} {ergonomic}
    uintx ProfiledCodeHeapSize                     = 122027880                              {pd product} {ergonomic}
    uintx ReservedCodeCacheSize                    = 251658240                              {pd product} {ergonomic}
     bool SegmentedCodeCache                       = true                                      {product} {ergonomic}
   size_t SoftMaxHeapSize                          = 4217372672                             {manageable} {ergonomic}
     bool UseCompressedClassPointers               = true                           {product lp64_product} {ergonomic}
     bool UseCompressedOops                        = true                           {product lp64_product} {ergonomic}
     bool UseG1GC                                  = true                                      {product} {ergonomic}
     bool UseLargePagesIndividualAllocation        = false                                  {pd product} {ergonomic}

Logging:
Log output configuration:
 #0: stdout all=warning uptime,level,tags foldmultilines=false
 #1: stderr all=off uptime,level,tags foldmultilines=false

Environment Variables:
PATH=C:\Program Files\Microsoft MPI\Bin\;C:\Program Files\Common Files\Oracle\Java\javapath;C:\Windows\system32;C:\Windows;C:\Windows\System32\Wbem;C:\Windows\System32\WindowsPowerShell\v1.0\;C:\Windows\System32\OpenSSH\;C:\Program Files\Microsoft SQL Server\Client SDK\ODBC\170\Tools\Binn\;C:\Program Files\dotnet\;C:\Program Files (x86)\Microsoft SQL Server\160\Tools\Binn\;C:\Program Files\Microsoft SQL Server\160\Tools\Binn\;C:\Program Files\Microsoft SQL Server\160\DTS\Binn\;C:\MinGW\bin;C:\Program Files (x86)\Microsoft SQL Server\160\DTS\Binn\;C:\Program Files\Java\jdk-20\bin;C:\Program Files\Common Files\Oracle\Java\javapath;C:\Program Files\Azure Data Studio\bin;C:\Program Files\Git\cmd;C:\Users\jofob\AppData\Local\Programs\Python\Python312;C:\Users\jofob\AppData\Local\Programs\Python\Python312\Scripts\;C:\Users\jofob\AppData\Local\Programs\Python\Python312\;C:\Users\jofob\AppData\Local\Microsoft\WindowsApps;C:\Users\jofob\.dotnet\tools;C:\Users\jofob\AppData\Local\Programs\Microsoft VS Code\bin;C:\Program Files\Azure Data Studio\bin;C:\Users\jofob\AppData\Local\GitHubDesktop\bin;C:\Program Files\Azure Data Studio\bin;C:\Program Files\JetBrains\PyCharm 2024.1\bin;
USERNAME=GAMING-PC
OS=Windows_NT
PROCESSOR_IDENTIFIER=Intel64 Family 6 Model 141 Stepping 1, GenuineIntel
TMP=Z:\
TEMP=Z:\




---------------  S Y S T E M  ---------------

OS:
 Windows 11 , 64 bit Build 22621 (10.0.22621.3374)
OS uptime: 0 days 0:25 hours

CPU: total 16 (initial active 16) (8 cores per cpu, 2 threads per core) family 6 model 141 stepping 1 microcode 0x34, cx8, cmov, fxsr, ht, mmx, 3dnowpref, sse, sse2, sse3, ssse3, sse4.1, sse4.2, popcnt, lzcnt, tsc, tscinvbit, avx, avx2, aes, erms, clmul, bmi1, bmi2, adx, avx512f, avx512dq, avx512cd, avx512bw, avx512vl, sha, fma, vzeroupper, avx512_vpopcntdq, avx512_vpclmulqdq, avx512_vaes, avx512_vnni, clflush, clflushopt, clwb, avx512_vbmi2, avx512_vbmi, rdtscp, rdpid, fsrm, gfni, avx512_bitalg, f16c, pku, cet_ibt, cet_ss, avx512_ifma

Memory: 4k page, system-wide physical 16085M (4613M free)
TotalPageFile size 16085M (AvailPageFile size 4M)
current process WorkingSet (physical memory assigned to process): 46M, peak: 46M
current process commit charge ("private bytes"): 351M, peak: 351M

vm_info: Java HotSpot(TM) 64-Bit Server VM (20.0.2+9-78) for windows-amd64 JRE (20.0.2+9-78), built on 2023-06-14T10:08:48Z by "mach5one" with MS VC++ 17.1 (VS2022)

END.
